<?xml version="1.0" encoding="UTF-8"?>
<!-- Generated by org.testng.reporters.JUnitReportReporter -->
<testsuite hostname="IdeaPad3i" failures="0" tests="1" name="com.actitime.testscript.DeleteCustomerModule" time="4.174" errors="0" timestamp="2025-01-16T11:28:47 IST" skipped="0">
  <testcase classname="com.actitime.testscript.DeleteCustomerModule" name="Demo" time="4.174">
    <system-out>
      <![CDATA[Maven Project]]>
    </system-out>
  </testcase> <!-- Demo -->
  <system-out>
    <![CDATA[Maven Project]]>
  </system-out>
</testsuite> <!-- com.actitime.testscript.DeleteCustomerModule -->
